# JRE version: OpenJDK Runtime Environment Zulu17.44+53-CA (17.0.8.1+1) (build 17.0.8.1+1-LTS)
# Java VM: OpenJDK 64-Bit Server VM Zulu17.44+53-CA (17.0.8.1+1-LTS, mixed mode, sharing, tiered, compressed oops, compressed class ptrs, g1 gc, linux-amd64)
GC Precious Log:
 CPUs: 4 total, 4 available
 Memory: 5741M
 Large Page Support: Disabled
 NUMA Support: Disabled
 Compressed Oops: Enabled (32-bit)
 Heap Region Size: 1M
 Heap Min Capacity: 8M
 Heap Initial Capacity: 90M
 Heap Max Capacity: 1436M
 Pre-touch: Disabled
 Parallel Workers: 4
 Concurrent Workers: 1
 Concurrent Refinement Workers: 4
 Periodic GC: Disabled
Heap:
 garbage-first heap   total 45056K, used 25438K [0x00000000a6400000, 0x0000000100000000)
  region size 1024K, 18 young (18432K), 4 survivors (4096K)
 Metaspace       used 29913K, committed 30400K, reserved 1114112K
  class space    used 3739K, committed 3968K, reserved 1048576K
GC Heap History (10 events):
Event: 4,369 GC heap before
{Heap before GC invocations=0 (full 0):
 garbage-first heap   total 94208K, used 14316K [0x00000000a6400000, 0x0000000100000000)
  region size 1024K, 13 young (13312K), 0 survivors (0K)
 Metaspace       used 4625K, committed 4800K, reserved 1114112K
  class space    used 527K, committed 640K, reserved 1048576K
}
Event: 4,387 GC heap after
{Heap after GC invocations=1 (full 0):
 garbage-first heap   total 94208K, used 4048K [0x00000000a6400000, 0x0000000100000000)
  region size 1024K, 2 young (2048K), 2 survivors (2048K)
 Metaspace       used 4625K, committed 4800K, reserved 1114112K
  class space    used 527K, committed 640K, reserved 1048576K
}
Event: 6,153 GC heap before
{Heap before GC invocations=1 (full 0):
 garbage-first heap   total 94208K, used 17360K [0x00000000a6400000, 0x0000000100000000)
  region size 1024K, 16 young (16384K), 2 survivors (2048K)
 Metaspace       used 8160K, committed 8384K, reserved 1114112K
  class space    used 1029K, committed 1152K, reserved 1048576K
}
Event: 6,193 GC heap after
{Heap after GC invocations=2 (full 0):
 garbage-first heap   total 94208K, used 5399K [0x00000000a6400000, 0x0000000100000000)
  region size 1024K, 2 young (2048K), 2 survivors (2048K)
 Metaspace       used 8160K, committed 8384K, reserved 1114112K
  class space    used 1029K, committed 1152K, reserved 1048576K
}
Event: 12,420 GC heap before
{Heap before GC invocations=2 (full 0):
 garbage-first heap   total 94208K, used 57623K [0x00000000a6400000, 0x0000000100000000)
  region size 1024K, 53 young (54272K), 2 survivors (2048K)
 Metaspace       used 19712K, committed 20096K, reserved 1114112K
  class space    used 2451K, committed 2624K, reserved 1048576K
}
Event: 12,458 GC heap after
{Heap after GC invocations=3 (full 0):
 garbage-first heap   total 94208K, used 9177K [0x00000000a6400000, 0x0000000100000000)
  region size 1024K, 5 young (5120K), 5 survivors (5120K)
 Metaspace       used 19712K, committed 20096K, reserved 1114112K
  class space    used 2451K, committed 2624K, reserved 1048576K
}
Event: 13,624 GC heap before
{Heap before GC invocations=3 (full 0):
 garbage-first heap   total 94208K, used 15321K [0x00000000a6400000, 0x0000000100000000)
  region size 1024K, 12 young (12288K), 5 survivors (5120K)
 Metaspace       used 21203K, committed 21504K, reserved 1114112K
  class space    used 2673K, committed 2816K, reserved 1048576K
}
Event: 13,728 GC heap after
{Heap after GC invocations=4 (full 0):
 garbage-first heap   total 94208K, used 10470K [0x00000000a6400000, 0x0000000100000000)
  region size 1024K, 2 young (2048K), 2 survivors (2048K)
 Metaspace       used 21203K, committed 21504K, reserved 1114112K
  class space    used 2673K, committed 2816K, reserved 1048576K
}
Event: 17,589 GC heap before
{Heap before GC invocations=5 (full 0):
 garbage-first heap   total 45056K, used 35046K [0x00000000a6400000, 0x0000000100000000)
  region size 1024K, 26 young (26624K), 2 survivors (2048K)
 Metaspace       used 26496K, committed 26880K, reserved 1114112K
  class space    used 3329K, committed 3520K, reserved 1048576K
}
Event: 17,654 GC heap after
{Heap after GC invocations=6 (full 0):
 garbage-first heap   total 45056K, used 13150K [0x00000000a6400000, 0x0000000100000000)
  region size 1024K, 4 young (4096K), 4 survivors (4096K)
 Metaspace       used 26496K, committed 26880K, reserved 1114112K
  class space    used 3329K, committed 3520K, reserved 1048576K
}

